<?xml version="1.0" encoding="UTF-8"?>
<testsuite xmlns:xsi="http://www.w3.org/2001/XMLSchema-instance" xsi:noNamespaceSchemaLocation="https://maven.apache.org/surefire/maven-surefire-plugin/xsd/surefire-test-report-3.0.xsd" version="3.0" name="com.tendertinder.TendertinderApplicationTests" time="4.572" tests="1" errors="0" skipped="0" failures="0">
  <properties>
[...]
</properties>
  <testcase name="contextLoads" classname="com.tendertinder.TendertinderApplicationTests" time="1.137">
    <system-out><![CDATA[12:12:44.520 [main] INFO org.springframework.test.context.support.AnnotationConfigContextLoaderUtils -- Could not detect default configuration classes for test class [com.tendertinder.TendertinderApplicationTests]: TendertinderApplicationTests does not declare any static, non-private, non-final, nested classes annotated with @Configuration.
12:12:44.731 [main] INFO org.springframework.boot.test.context.SpringBootTestContextBootstrapper -- Found @SpringBootConfiguration com.tendertinder.TendertinderApplication for test class com.tendertinder.TendertinderApplicationTests

  .   ____          _            __ _ _
 /\\ / ___'_ __ _ _(_)_ __  __ _ \ \ \ \
( ( )\___ | '_ | '_| | '_ \/ _` | \ \ \ \
 \\/  ___)| |_)| | | | | || (_| |  ) ) ) )
  '  |____| .__|_| |_|_| |_\__, | / / / /
 =========|_|==============|___/=/_/_/_/
 :: Spring Boot ::                (v3.2.1)

2024-01-01T12:12:45.343+05:30  INFO 26590 --- [           main] c.t.TendertinderApplicationTests         : Starting TendertinderApplicationTests using Java 20.0.2 with PID 26590 (started by ayush in /home/ayush/Documents/IntelliJ_Workspace/tendertinder)
2024-01-01T12:12:45.346+05:30  INFO 26590 --- [           main] c.t.TendertinderApplicationTests         : No active profile set, falling back to 1 default profile: "default"
2024-01-01T12:12:47.645+05:30  INFO 26590 --- [           main] c.t.TendertinderApplicationTests         : Started TendertinderApplicationTests in 2.713 seconds (process running for 4.296)
]]></system-out>
  </testcase>
</testsuite>